<?xml version="1.0" encoding="UTF-8" ?>
<testsuite failures="0" time="0.031" errors="0" skipped="0" tests="1" name="org.gperon.git.demo.AppTest">
  <properties>
    <property name="java.runtime.name" value="Java(TM) SE Runtime Environment"/>
    <property name="sun.boot.library.path" value="C:\Programmi\Java\jdk1.6.0_14\jre\bin"/>
    <property name="java.vm.version" value="14.0-b16"/>
    <property name="java.vm.vendor" value="Sun Microsystems Inc."/>
    <property name="java.vendor.url" value="http://java.sun.com/"/>
    <property name="path.separator" value=";"/>
    <property name="java.vm.name" value="Java HotSpot(TM) Client VM"/>
    <property name="file.encoding.pkg" value="sun.io"/>
    <property name="user.country" value="IT"/>
    <property name="sun.java.launcher" value="SUN_STANDARD"/>
    <property name="sun.os.patch.level" value="Service Pack 3"/>
    <property name="java.vm.specification.name" value="Java Virtual Machine Specification"/>
    <property name="user.dir" value="C:\Lavoro\nbprojects\giorgiop\git-demo"/>
    <property name="java.runtime.version" value="1.6.0_14-b08"/>
    <property name="java.awt.graphicsenv" value="sun.awt.Win32GraphicsEnvironment"/>
    <property name="basedir" value="C:\Lavoro\nbprojects\giorgiop\git-demo"/>
    <property name="java.endorsed.dirs" value="C:\Programmi\Java\jdk1.6.0_14\jre\lib\endorsed"/>
    <property name="os.arch" value="x86"/>
    <property name="surefire.real.class.path" value="C:\DOCUME~1\giorgiop\IMPOST~1\Temp\surefirebooter4565142952095150920.jar"/>
    <property name="java.io.tmpdir" value="C:\DOCUME~1\giorgiop\IMPOST~1\Temp\"/>
    <property name="line.separator" value="
"/>
    <property name="java.vm.specification.vendor" value="Sun Microsystems Inc."/>
    <property name="user.variant" value=""/>
    <property name="os.name" value="Windows XP"/>
    <property name="sun.jnu.encoding" value="Cp1252"/>
    <property name="java.library.path" value="C:\Programmi\Java\jdk1.6.0_14\jre\bin;.;C:\WINDOWS\Sun\Java\bin;C:\WINDOWS\system32;C:\WINDOWS;C:\Programmi\PHP\;C:\Programmi\JavaFX\javafx-sdk1.2\bin;C:\Programmi\JavaFX\javafx-sdk1.2\emulator\bin;c:\programmi\java\jdk1.6.0_14\jre\bin\client;C:\Programmi\PC Connectivity Solution\;C:\Programmi\TOS-2.0.0M3\perl\bin;C:\WINDOWS\system32;C:\WINDOWS;C:\WINDOWS\System32\Wbem;C:\PROGRA~1\IBM\CLIENT~1;C:\PROGRA~1\IBM\CLIENT~1\Shared;C:\PROGRA~1\IBM\CLIENT~1\Emulator;C:\Programmi\File comuni\Adobe\AGL;C:\PROGRA~1\ATT\Graphviz\bin;C:\Programmi\jEdit;C:\Programmi\File comuni\GTK\2.0\bin;C:\Programmi\CollabNet Subversion Server;C:\Programmi\Mercurial;C:\Programmi\TortoiseHg;C:\Programmi\QuickTime\QTSystem\;C:\Programmi\TortoiseGit\bin;C:\Programmi\PHP\;C:\Programmi\JavaFX\javafx-sdk1.2\bin;C:\Programmi\JavaFX\javafx-sdk1.2\emulator\bin;c:\programmi\java\jdk1.6.0_14\jre\bin\client;C:\Programmi\PC Connectivity Solution\;C:\Programmi\TOS-2.0.0M3\perl\bin;C:\WINDOWS\system32;C:\WINDOWS;C:\WINDOWS\System32\Wbem;C:\PROGRA~1\IBM\CLIENT~1;C:\PROGRA~1\IBM\CLIENT~1\Shared;C:\PROGRA~1\IBM\CLIENT~1\Emulator;C:\Programmi\File comuni\Adobe\AGL;C:\PROGRA~1\ATT\Graphviz\bin;C:\Programmi\jEdit;C:\Programmi\File comuni\GTK\2.0\bin;C:\Programmi\CollabNet Subversion Server;C:\Programmi\Mercurial;C:\Programmi\TortoiseHg;C:\Programmi\QuickTime\QTSystem\;C:\Programmi\TortoiseGit\bin;C:\java\apache-ant-1.7.1\bin;C:\java\jboss-4.2.3.GA\bin;C:\java\apache-maven-2.2.1\bin;c:\lotus\notes;c:\lavoro\java\luxdev-lib;C:\Programmi\Nmap;c:\programmi\python26;c:\java\jad;c:\Programmi\msysgit\msysgit/bin;c:\Programmi\msysgit\msysgit\mingw\bin;c:\Programmi\msysgit\msysgit\cmd;"/>
    <property name="surefire.test.class.path" value="C:\Lavoro\nbprojects\giorgiop\git-demo\target\test-classes;C:\Lavoro\nbprojects\giorgiop\git-demo\target\classes;C:\Documents and Settings\giorgiop\.m2\repository\junit\junit\3.8.1\junit-3.8.1.jar;"/>
    <property name="java.specification.name" value="Java Platform API Specification"/>
    <property name="java.class.version" value="50.0"/>
    <property name="sun.management.compiler" value="HotSpot Client Compiler"/>
    <property name="os.version" value="5.1"/>
    <property name="user.home" value="C:\Documents and Settings\giorgiop"/>
    <property name="user.timezone" value=""/>
    <property name="java.awt.printerjob" value="sun.awt.windows.WPrinterJob"/>
    <property name="java.specification.version" value="1.6"/>
    <property name="file.encoding" value="Cp1252"/>
    <property name="user.name" value="GiorgioP"/>
    <property name="java.class.path" value="C:\Lavoro\nbprojects\giorgiop\git-demo\target\test-classes;C:\Lavoro\nbprojects\giorgiop\git-demo\target\classes;C:\Documents and Settings\giorgiop\.m2\repository\junit\junit\3.8.1\junit-3.8.1.jar;"/>
    <property name="java.vm.specification.version" value="1.0"/>
    <property name="sun.arch.data.model" value="32"/>
    <property name="java.home" value="C:\Programmi\Java\jdk1.6.0_14\jre"/>
    <property name="java.specification.vendor" value="Sun Microsystems Inc."/>
    <property name="user.language" value="it"/>
    <property name="awt.toolkit" value="sun.awt.windows.WToolkit"/>
    <property name="java.vm.info" value="mixed mode, sharing"/>
    <property name="java.version" value="1.6.0_14"/>
    <property name="java.ext.dirs" value="C:\Programmi\Java\jdk1.6.0_14\jre\lib\ext;C:\WINDOWS\Sun\Java\lib\ext"/>
    <property name="sun.boot.class.path" value="C:\Programmi\Java\jdk1.6.0_14\jre\lib\resources.jar;C:\Programmi\Java\jdk1.6.0_14\jre\lib\rt.jar;C:\Programmi\Java\jdk1.6.0_14\jre\lib\sunrsasign.jar;C:\Programmi\Java\jdk1.6.0_14\jre\lib\jsse.jar;C:\Programmi\Java\jdk1.6.0_14\jre\lib\jce.jar;C:\Programmi\Java\jdk1.6.0_14\jre\lib\charsets.jar;C:\Programmi\Java\jdk1.6.0_14\jre\classes"/>
    <property name="java.vendor" value="Sun Microsystems Inc."/>
    <property name="localRepository" value="C:\Documents and Settings\giorgiop\.m2\repository"/>
    <property name="file.separator" value="\"/>
    <property name="java.vendor.url.bug" value="http://java.sun.com/cgi-bin/bugreport.cgi"/>
    <property name="sun.cpu.endian" value="little"/>
    <property name="sun.io.unicode.encoding" value="UnicodeLittle"/>
    <property name="sun.desktop" value="windows"/>
    <property name="sun.cpu.isalist" value="pentium_pro+mmx pentium_pro pentium+mmx pentium i486 i386 i86"/>
  </properties>
  <testcase time="0" classname="org.gperon.git.demo.AppTest" name="testApp"/>
</testsuite>